<?xml version="1.0" encoding="UTF-8"?>
<!-- Generated by org.testng.reporters.JUnitReportReporter -->
<testsuite hostname="DESKTOP-G8O6OG0" failures="0" tests="1" name="com.TestNGDemos.D07Parameterization" time="1.301" errors="0" timestamp="2025-04-15T22:20:30 IST" skipped="0">
  <testcase classname="com.TestNGDemos.D07Parameterization" name="login" time="1.301"/>
</testsuite> <!-- com.TestNGDemos.D07Parameterization -->
