<?xml version="1.0" encoding="UTF-8"?>
<!-- Generated by org.testng.reporters.JUnitReportReporter -->
<testsuite hostname="DESKTOP-G8O6OG0" failures="0" tests="4" name="com.TestNGDemos.D04Before_After_Method" time="19.589" errors="0" timestamp="2025-04-14T22:23:08 IST" skipped="0">
  <testcase classname="com.TestNGDemos.D04Before_After_Method" name="launchingSheIN" time="4.868"/>
  <testcase classname="com.TestNGDemos.D04Before_After_Method" name="launchingPurplle" time="5.337"/>
  <testcase classname="com.TestNGDemos.D04Before_After_Method" name="launchingMyntra" time="6.352"/>
  <testcase classname="com.TestNGDemos.D04Before_After_Method" name="launchingNykaa" time="3.032"/>
</testsuite> <!-- com.TestNGDemos.D04Before_After_Method -->
