<?xml version="1.0" encoding="UTF-8"?>
<!-- Generated by org.testng.reporters.JUnitReportReporter -->
<testsuite hostname="DESKTOP-G8O6OG0" failures="0" tests="2" name="com.TestNGDemos.D01FirstTest" time="0.032" errors="0" timestamp="2025-04-11T22:21:45 IST" skipped="0">
  <testcase classname="com.TestNGDemos.D01FirstTest" name="trial" time="0.004"/>
  <testcase classname="com.TestNGDemos.D01FirstTest" name="openSelenium" time="0.028"/>
</testsuite> <!-- com.TestNGDemos.D01FirstTest -->
