<?xml version="1.0" encoding="UTF-8"?>
<!-- Generated by org.testng.reporters.JUnitReportReporter -->
<testsuite hostname="DESKTOP-G8O6OG0" failures="0" tests="2" name="com.TestNGDemos.D13ReadData" time="0.034" errors="0" timestamp="2025-04-18T22:18:46 IST" skipped="1">
  <testcase classname="com.TestNGDemos.D13ReadData" name="readAllData" time="0.034"/>
  <testcase classname="com.TestNGDemos.D13ReadData" name="readData">
    <skipped/>
  </testcase> <!-- readData -->
</testsuite> <!-- com.TestNGDemos.D13ReadData -->
