<?xml version="1.0" encoding="UTF-8"?>
<!-- Generated by org.testng.reporters.JUnitReportReporter -->
<testsuite hostname="DESKTOP-G8O6OG0" failures="0" tests="4" name="com.TestNGDemos.D03Before_After_Test" time="9.990" errors="0" timestamp="2025-04-14T21:19:58 IST" skipped="0">
  <testcase classname="com.TestNGDemos.D03Before_After_Test" name="launchingSheIN" time="3.138"/>
  <testcase classname="com.TestNGDemos.D03Before_After_Test" name="launchingPurplle" time="1.279"/>
  <testcase classname="com.TestNGDemos.D03Before_After_Test" name="launchingMyntra" time="3.133"/>
  <testcase classname="com.TestNGDemos.D03Before_After_Test" name="launchingNykaa" time="2.440"/>
</testsuite> <!-- com.TestNGDemos.D03Before_After_Test -->
