<?xml version="1.0" encoding="UTF-8"?>
<!-- Generated by org.testng.reporters.JUnitReportReporter -->
<testsuite hostname="DESKTOP-G8O6OG0" failures="0" tests="4" name="com.TestNGDemos.D12CreateLoginData" time="0.038" errors="0" timestamp="2025-04-18T21:56:59 IST" skipped="0">
  <testcase classname="com.TestNGDemos.D12CreateLoginData" name="writeToExcelFile" time="0.005"/>
  <testcase classname="com.TestNGDemos.D12CreateLoginData" name="writeToExcelFile" time="0.008"/>
  <testcase classname="com.TestNGDemos.D12CreateLoginData" name="writeToExcelFile" time="0.017"/>
  <testcase classname="com.TestNGDemos.D12CreateLoginData" name="writeToExcelFile" time="0.008"/>
</testsuite> <!-- com.TestNGDemos.D12CreateLoginData -->
