<?xml version="1.0" encoding="UTF-8"?>
<!-- Generated by org.testng.reporters.JUnitReportReporter -->
<testsuite hostname="DESKTOP-G8O6OG0" failures="0" tests="2" name="com.TestNGDemos.D05MyntraAssignment" time="11.622" errors="0" timestamp="2025-04-15T22:00:32 IST" skipped="0">
  <testcase classname="com.TestNGDemos.D05MyntraAssignment" name="clickOnMen" time="6.877"/>
  <testcase classname="com.TestNGDemos.D05MyntraAssignment" name="clickOnWomen" time="4.745"/>
</testsuite> <!-- com.TestNGDemos.D05MyntraAssignment -->
