<?xml version="1.0" encoding="UTF-8"?>
<!-- Generated by org.testng.reporters.JUnitReportReporter -->
<testsuite hostname="DESKTOP-G8O6OG0" failures="0" tests="4" name="com.Assignments.LoginToOHRM" time="6.441" errors="0" timestamp="2025-04-14T22:08:13 IST" skipped="0">
  <testcase classname="com.Assignments.LoginToOHRM" name="login1" time="2.019"/>
  <testcase classname="com.Assignments.LoginToOHRM" name="login3" time="1.363"/>
  <testcase classname="com.Assignments.LoginToOHRM" name="login2" time="2.784"/>
  <testcase classname="com.Assignments.LoginToOHRM" name="login4" time="0.275"/>
</testsuite> <!-- com.Assignments.LoginToOHRM -->
