<?xml version="1.0" encoding="UTF-8"?>
<!-- Generated by org.testng.reporters.JUnitReportReporter -->
<testsuite hostname="DESKTOP-G8O6OG0" failures="0" tests="1" name="com.TestNGDemos.D09POM_Client" time="0.649" errors="0" timestamp="2025-04-16T22:09:56 IST" skipped="0">
  <testcase classname="com.TestNGDemos.D09POM_Client" name="f" time="0.649"/>
</testsuite> <!-- com.TestNGDemos.D09POM_Client -->
