<?xml version="1.0" encoding="UTF-8"?>
<!-- Generated by org.testng.reporters.JUnitReportReporter -->
<testsuite hostname="DESKTOP-G8O6OG0" failures="0" tests="1" name="com.TestNGDemos.OHRMTest" time="1.594" errors="0" timestamp="2025-04-18T22:26:53 IST" skipped="0">
  <testcase classname="com.TestNGDemos.OHRMTest" name="testLogin" time="1.594"/>
</testsuite> <!-- com.TestNGDemos.OHRMTest -->
