<?xml version="1.0" encoding="UTF-8"?>
<!-- Generated by org.testng.reporters.JUnitReportReporter -->
<testsuite hostname="DESKTOP-G8O6OG0" failures="0" tests="1" name="com.TestNGDemos.D11CreateFriendsData" time="0.126" errors="0" timestamp="2025-04-18T21:40:54 IST" skipped="0">
  <testcase classname="com.TestNGDemos.D11CreateFriendsData" name="createData" time="0.126"/>
</testsuite> <!-- com.TestNGDemos.D11CreateFriendsData -->
