<?xml version="1.0" encoding="UTF-8"?>
<!-- Generated by org.testng.reporters.JUnitReportReporter -->
<testsuite hostname="DESKTOP-G8O6OG0" failures="0" tests="5" name="com.TestNGDemos.D02MultipleTests" time="29.968" errors="0" timestamp="2025-04-14T20:44:28 IST" skipped="0">
  <testcase classname="com.TestNGDemos.D02MultipleTests" name="launchingAmazon" time="5.525"/>
  <testcase classname="com.TestNGDemos.D02MultipleTests" name="launchingPurplle" time="4.496"/>
  <testcase classname="com.TestNGDemos.D02MultipleTests" name="launchingMyntra" time="6.429"/>
  <testcase classname="com.TestNGDemos.D02MultipleTests" name="launchingNykaa" time="5.654"/>
  <testcase classname="com.TestNGDemos.D02MultipleTests" name="launchingSheIN" time="7.864"/>
</testsuite> <!-- com.TestNGDemos.D02MultipleTests -->
