<?xml version="1.0" encoding="UTF-8"?>
<!-- Generated by org.testng.reporters.JUnitReportReporter -->
<testsuite hostname="DESKTOP-G8O6OG0" failures="0" tests="1" name="com.MyTests.D03ReadFromExcel" time="0.028" errors="0" timestamp="2025-04-22T20:52:54 IST" skipped="0">
  <testcase classname="com.MyTests.D03ReadFromExcel" name="readData" time="0.028"/>
</testsuite> <!-- com.MyTests.D03ReadFromExcel -->
