<?xml version="1.0" encoding="UTF-8"?>
<!-- Generated by org.testng.reporters.JUnitReportReporter -->
<testsuite hostname="DESKTOP-G8O6OG0" failures="0" tests="3" name="com.MyTests.D06ForListners" time="0.049" errors="0" timestamp="2025-04-28T21:31:11 IST" skipped="1">
  <testcase classname="com.MyTests.D06ForListners" name="testForFail" time="0.027"/>
  <testcase classname="com.MyTests.D06ForListners" name="testForPass" time="0.005"/>
  <testcase classname="com.MyTests.D06ForListners" name="testForSkip" time="0.017">
    <skipped/>
  </testcase> <!-- testForSkip -->
</testsuite> <!-- com.MyTests.D06ForListners -->
