<?xml version="1.0" encoding="UTF-8"?>
<!-- Generated by org.testng.reporters.JUnitReportReporter -->
<testsuite hostname="DESKTOP-G8O6OG0" failures="0" tests="3" name="com.MyTests.D10DataDrivenTesting" time="0.020" errors="0" timestamp="2025-04-28T21:50:04 IST" skipped="0">
  <testcase classname="com.MyTests.D10DataDrivenTesting" name="myTest" time="0.002"/>
  <testcase classname="com.MyTests.D10DataDrivenTesting" name="myTest" time="0.006"/>
  <testcase classname="com.MyTests.D10DataDrivenTesting" name="myTest" time="0.012"/>
</testsuite> <!-- com.MyTests.D10DataDrivenTesting -->
