<?xml version="1.0" encoding="UTF-8"?>
<!-- Generated by org.testng.reporters.JUnitReportReporter -->
<testsuite hostname="DESKTOP-G8O6OG0" failures="0" tests="1" name="com.MyTests.D09TimeoutDemo" time="2.048" errors="0" timestamp="2025-04-28T21:44:52 IST" skipped="0">
  <testcase classname="com.MyTests.D09TimeoutDemo" name="myTest" time="2.048"/>
</testsuite> <!-- com.MyTests.D09TimeoutDemo -->
