<?xml version="1.0" encoding="UTF-8"?>
<!-- Generated by org.testng.reporters.JUnitReportReporter -->
<testsuite hostname="DESKTOP-G8O6OG0" failures="0" tests="5" name="com.MyTests.D08InvocationCountDemo" time="0.032" errors="0" timestamp="2025-04-28T21:41:56 IST" skipped="0">
  <testcase classname="com.MyTests.D08InvocationCountDemo" name="myTest" time="0.002"/>
  <testcase classname="com.MyTests.D08InvocationCountDemo" name="myTest" time="0.002"/>
  <testcase classname="com.MyTests.D08InvocationCountDemo" name="myTest" time="0.003"/>
  <testcase classname="com.MyTests.D08InvocationCountDemo" name="myTest" time="0.004"/>
  <testcase classname="com.MyTests.D08InvocationCountDemo" name="myTest" time="0.021"/>
</testsuite> <!-- com.MyTests.D08InvocationCountDemo -->
